<?xml version="1.0" encoding="UTF-8" ?>
<testsuite errors="0" failures="1" hostname="RameshReddy" name="test.JunitTest" skipped="0" tests="1" time="0.131" timestamp="2017-01-16T18:39:16">
  <properties>
[...]
</properties>
  <testcase classname="test.JunitTest" name="testSample" time="0.027">
    <failure message="expected:&lt;sample[]&gt; but was:&lt;sample[1]&gt;" type="junit.framework.AssertionFailedError">junit.framework.AssertionFailedError: expected:&lt;sample[]&gt; but was:&lt;sample[1]&gt;
	at test.JunitTest.testSample(JunitTest.java:14)
</failure>
  </testcase>
  <system-out><![CDATA[]]></system-out>
  <system-err><![CDATA[]]></system-err>
</testsuite>
